
=== Fri Jan 29 09:45:24 2021

Packages were changed.
Update Mode: updateDependencies

The following packages were updated:
  com.unity.ext.nunit from version 1.0.0 to 1.0.6
  com.unity.ide.vscode from version 1.1.4 to 1.2.3
  com.unity.inputsystem from version 1.0.0-preview.5 to 1.0.0
  com.unity.render-pipelines.universal from version 7.2.1 to 7.3.1
  com.unity.visualeffectgraph from version 7.1.8 to 7.3.1
  com.unity.xr.legacyinputhelpers from version 2.0.2 to 2.1.7

=== Fri Mar 26 10:43:40 2021

Packages were changed.
Update Mode: updateDependencies

The following packages were added:
  com.unity.ide.visualstudio@2.0.7
The following packages were updated:
  com.unity.ide.rider from version 1.1.4 to 2.0.7
  com.unity.inputsystem from version 1.0.0 to 1.0.2
  com.unity.quicksearch from version 1.5.2 to 2.0.2
  com.unity.render-pipelines.universal from version 7.5.3 to 10.3.2
  com.unity.searcher from version 4.0.9 to 4.3.1
  com.unity.textmeshpro from version 2.0.1 to 3.0.1
  com.unity.timeline from version 1.2.13 to 1.4.6
  com.unity.visualeffectgraph from version 7.3.1 to 10.3.2

=== Tue Apr  6 15:15:49 2021

Packages were changed.
Update Mode: updateDependencies

The following packages were updated:
  com.unity.render-pipelines.universal from version 10.3.2 to 10.4.0
  com.unity.searcher from version 4.3.1 to 4.3.2
  com.unity.visualeffectgraph from version 10.3.2 to 10.4.0
